d:\projects\c#\plangtranslator\plt_parser\plt_parser\grammars\pytoasm\syntaxanal.tab.cpp
d:\projects\c#\plangtranslator\plt_parser\plt_parser\grammars\pytoasm\lexanal.flex.cpp
d:\projects\c#\plangtranslator\plt_parser\plt_parser\x64\debug\vc143.pdb
d:\projects\c#\plangtranslator\plt_parser\plt_parser\x64\debug\vc143.idb
d:\projects\c#\plangtranslator\plt_parser\plt_parser\x64\debug\syntaxanalutils.obj
d:\projects\c#\plangtranslator\plt_parser\plt_parser\x64\debug\syntaxanal.tab.obj
d:\projects\c#\plangtranslator\plt_parser\plt_parser\x64\debug\symboltabs.obj
d:\projects\c#\plangtranslator\plt_parser\plt_parser\x64\debug\lexanal.flex.obj
d:\projects\c#\plangtranslator\plt_parser\plt_parser\x64\debug\lexalgorithms.obj
d:\projects\c#\plangtranslator\plt_parser\plt_parser\x64\debug\errorhandler.obj
d:\projects\c#\plangtranslator\plt_parser\plt_parser\x64\debug\main.obj
d:\projects\c#\plangtranslator\plt_parser\x64\debug\plt_parser.exe
d:\projects\c#\plangtranslator\plt_parser\plt_parser\x64\debug\plt_parser.ilk
d:\projects\c#\plangtranslator\plt_parser\x64\debug\plt_parser.pdb
d:\projects\c#\plangtranslator\plt_parser\plt_parser\x64\debug\plt_parser.write.1.tlog
d:\projects\c#\plangtranslator\plt_parser\plt_parser\x64\debug\plt_parser.tlog\cl.command.1.tlog
d:\projects\c#\plangtranslator\plt_parser\plt_parser\x64\debug\plt_parser.tlog\cl.read.1.tlog
d:\projects\c#\plangtranslator\plt_parser\plt_parser\x64\debug\plt_parser.tlog\cl.write.1.tlog
d:\projects\c#\plangtranslator\plt_parser\plt_parser\x64\debug\plt_parser.tlog\link.command.1.tlog
d:\projects\c#\plangtranslator\plt_parser\plt_parser\x64\debug\plt_parser.tlog\link.read.1.tlog
d:\projects\c#\plangtranslator\plt_parser\plt_parser\x64\debug\plt_parser.tlog\link.write.1.tlog
