  LexAnalyzer.c
LexAnalyzer.l(32,18): warning C4013: 'strlen' undefined; assuming extern returning int
LexAnalyzer.l(63,14): warning C4013: 'strdup' undefined; assuming extern returning int
LexAnalyzer.l(63,25): warning C4047: '=': 'char *' differs in levels of indirection from 'int'
LexAnalyzer.l(73,25): warning C4047: '=': 'char *' differs in levels of indirection from 'int'
LexAnalyzer.l(98,28): warning C4047: '=': 'char *' differs in levels of indirection from 'int'
LexAnalyzer.l(99,28): warning C4047: '=': 'char *' differs in levels of indirection from 'int'
LexAnalyzer.l(100,28): warning C4047: '=': 'char *' differs in levels of indirection from 'int'
LexAnalyzer.l(101,28): warning C4047: '=': 'char *' differs in levels of indirection from 'int'
LexAnalyzer.l(102,28): warning C4047: '=': 'char *' differs in levels of indirection from 'int'
LexAnalyzer.l(103,28): warning C4047: '=': 'char *' differs in levels of indirection from 'int'
LexAnalyzer.c(1242,1): warning C4267: '=': conversion from 'size_t' to 'int', possible loss of data
LexAnalyzer.c(1409,28): warning C4244: 'initializing': conversion from '__int64' to 'int', possible loss of data
LexAnalyzer.c(1790,2): warning C4013: 'exit' undefined; assuming extern returning int
LexAnalyzer.c(1853,18): warning C4013: 'malloc' undefined; assuming extern returning int
LexAnalyzer.c(1853,32): warning C4312: 'type cast': conversion from 'int' to 'void *' of greater size
LexAnalyzer.c(1871,18): warning C4013: 'realloc' undefined; assuming extern returning int
LexAnalyzer.c(1871,47): warning C4312: 'type cast': conversion from 'int' to 'void *' of greater size
LexAnalyzer.c(1881,2): warning C4013: 'free' undefined; assuming extern returning int
  PLT_Parser.vcxproj -> D:\Projects\c#\PLangTranslator\PLT_Parser\x64\Debug\PLT_Parser.exe
